Loded... Config, OR, Log4j properties Files
Opened the Browser :- chrome
Navigated to Url :- https://www.amazon.in
Selected the item 10  By using Locator :- searchDropdownBox
Entered the Text Harry Potter By using the Locator :- twotabsearchtextbox
Clicked on Amazon Search Button By using Locator :- //input[@value='Go']
Loded... Config, OR, Log4j properties Files
Opened the Browser :- chrome
Navigated to Url :- https://www.amazon.in
Selected the item 10  By using Locator :- searchDropdownBox
Entered the Text Harry Potter By using the Locator :- twotabsearchtextbox
Clicked on Amazon Search Button By using Locator :- //input[@value='Go']
Loded... Config, OR, Log4j properties Files
Opened the Browser :- chrome
Navigated to Url :- https://www.amazon.in
Selected the item 10  By using Locator :- searchDropdownBox
Entered the Text Harry Potter By using the Locator :- twotabsearchtextbox
Clicked on Amazon Search Button By using Locator :- //input[@value='Go']
Loded... Config, OR, Log4j properties Files
Opened the Browser :- chrome
Navigated to Url :- https://www.amazon.in
Selected the item 10  By using Locator :- searchDropdownBox
Entered the Text Harry Potter By using the Locator :- twotabsearchtextbox
Clicked on Amazon Search Button By using Locator :- //input[@value='Go']
Loded... Config, OR, Log4j properties Files
Opened the Browser :- chrome
Navigated to Url :- https://www.amazon.in
Selected the item 10  By using Locator :- searchDropdownBox
Entered the Text Harry Potter By using the Locator :- twotabsearchtextbox
Clicked on Amazon Search Button By using Locator :- //input[@value='Go']
Loded... Config, OR, Log4j properties Files
Opened the Browser :- chrome
Navigated to Url :- https://www.amazon.in
Selected the item 10  By using Locator :- searchDropdownBox
Entered the Text Harry Potter By using the Locator :- twotabsearchtextbox
Clicked on Amazon Search Button By using Locator :- //input[@value='Go']
Loded... Config, OR, Log4j properties Files
Opened the Browser :- chrome
Navigated to Url :- https://www.amazon.in
Selected the item 10  By using Locator :- searchDropdownBox
Entered the Text Harry Potter By using the Locator :- twotabsearchtextbox
Clicked on Amazon Search Button By using Locator :- //input[@value='Go']
Loded... Config, OR, Log4j properties Files
Opened the Browser :- chrome
Navigated to Url :- https://www.amazon.in
Selected the item 10  By using Locator :- searchDropdownBox
Entered the Text Harry Potter By using the Locator :- twotabsearchtextbox
Clicked on Amazon Search Button By using Locator :- //input[@value='Go']
Loded... Config, OR, Log4j properties Files
Opened the Browser :- chrome
Navigated to Url :- https://www.amazon.in
Selected the item 10  By using Locator :- searchDropdownBox
Entered the Text Harry Potter By using the Locator :- twotabsearchtextbox
Clicked on Amazon Search Button By using Locator :- //input[@value='Go']
Loded... Config, OR, Log4j properties Files
Opened the Browser :- chrome
Navigated to Url :- https://www.amazon.in
Selected the item 10  By using Locator :- searchDropdownBox
Entered the Text Harry Potter By using the Locator :- twotabsearchtextbox
Clicked on Amazon Search Button By using Locator :- //input[@value='Go']
Loded... Config, OR, Log4j properties Files
Opened the Browser :- chrome
Navigated to Url :- https://www.amazon.in
Selected the item 10  By using Locator :- searchDropdownBox
Entered the Text Harry Potter By using the Locator :- twotabsearchtextbox
Clicked on Amazon Search Button By using Locator :- //input[@value='Go']
Properties Objects  (config,OR,log4j) are getting initilized.....
Opened the Browser :- chrome
Navigated to url :- https://www.amazon.in
Properties Objects  (config,OR,log4j) are getting initilized.....
Opened the Browser :- chrome
Navigated to url :- https://www.amazon.in
Properties Objects  (config,OR,log4j) are getting initilized.....
Opened the Browser :- chrome
Navigated to url :- https://www.amazon.in
Properties Objects  (config,OR,log4j) are getting initilized.....
Opened the Browser :- chrome
Navigated to url :- https://www.amazon.in
Properties Objects  (config,OR,log4j) are getting initilized.....
Opened the Browser :- chrome
Navigated to url :- https://www.amazon.in
Properties Objects  (config,OR,log4j) are getting initilized.....
Opened the Browser :- chrome
Navigated to url :- https://www.amazon.in
Properties Objects  (config,OR,log4j) are getting initilized.....
Opened the Browser :- chrome
Navigated to url :- https://www.amazon.in
Properties Objects  (config,OR,log4j) are getting initilized.....
Opened the Browser :- chrome
Navigated to url :- https://www.amazon.in
Properties Objects  (config,OR,log4j) are getting initilized.....
Opened the Browser :- chrome
Navigated to url :- https://www.amazon.in
Properties Objects  (config,OR,log4j) are getting initilized.....
Opened the Browser :- chrome
Navigated to url :- https://www.amazon.in
Properties Objects  (config,OR,log4j) are getting initilized.....
Opened the Browser :- chrome
Navigated to url :- https://www.amazon.in
Properties Objects  (config,OR,log4j) are getting initilized.....
Opened the Browser :- chrome
Navigated to url :- https://www.amazon.in
Properties Objects  (config,OR,log4j) are getting initilized.....
Opened the Browser :- chrome
Navigated to url :- https://www.amazon.in
Properties Objects  (config,OR,log4j) are getting initilized.....
Opened the Browser :- chrome
Navigated to url :- https://www.amazon.in
Entered the Text Harry Potter By using the Locator :- twotabsearchtextbox
Properties Objects  (config,OR,log4j) are getting initilized.....
Opened the Browser :- chrome
Navigated to url :- https://www.amazon.in
Entered the Text Harry Potter By using the Locator :- twotabsearchtextbox
Properties Objects  (config,OR,log4j) are getting initilized.....
Opened the Browser :- chrome
Navigated to url :- https://www.amazon.in
Entered the Text Harry Potter By using the Locator :- twotabsearchtextbox
Properties Objects  (config,OR,log4j) are getting initilized.....
Opened the Browser :- chrome
Navigated to url :- https://www.amazon.in
Properties Objects  (config,OR,log4j) are getting initilized.....
Opened the Browser :- chrome
Navigated to url :- https://www.amazon.in
Properties Objects  (config,OR,log4j) are getting initilized.....
Opened the Browser :- chrome
Navigated to url :- https://www.amazon.in
Properties Objects  (config,OR,log4j) are getting initilized.....
Opened the Browser :- chrome
Navigated to url :- https://www.amazon.in
Properties Objects  (config,OR,log4j) are getting initilized.....
Opened the Browser :- chrome
Navigated to url :- https://www.amazon.in
Properties Objects  (config,OR,log4j) are getting initilized.....
Opened the Browser :- chrome
Navigated to url :- https://www.amazon.in
Properties Objects  (config,OR,log4j) are getting initilized.....
Opened the Browser :- chrome
Navigated to url :- https://www.amazon.in
Properties Objects  (config,OR,log4j) are getting initilized.....
Opened the Browser :- chrome
Navigated to url :- https://www.amazon.in
Properties Objects  (config,OR,log4j) are getting initilized.....
Opened the Browser :- chrome
Navigated to url :- https://www.amazon.in
Properties Objects  (config,OR,log4j) are getting initilized.....
Opened the Browser :- chrome
Navigated to url :- https://www.amazon.in
Properties Objects  (config,OR,log4j) are getting initilized.....
Opened the Browser :- chrome
Navigated to url :- https://www.amazon.in
Properties Objects  (config,OR,log4j) are getting initilized.....
Opened the Browser :- chrome
Navigated to url :- https://www.amazon.in
Properties Objects  (config,OR,log4j) are getting initilized.....
Opened the Browser :- chrome
Navigated to url :- https://www.amazon.in
Properties Objects  (config,OR,log4j) are getting initilized.....
Opened the Browser :- chrome
Navigated to url :- https://www.amazon.in
Properties Objects  (config,OR,log4j) are getting initilized.....
Opened the Browser :- chrome
Navigated to url :- https://www.amazon.in
Properties Objects  (config,OR,log4j) are getting initilized.....
Opened the Browser :- chrome
Navigated to url :- https://www.amazon.in
Properties Objects  (config,OR,log4j) are getting initilized.....
Opened the Browser :- chrome
Navigated to url :- https://www.amazon.in
Properties Objects  (config,OR,log4j) are getting initilized.....
Opened the Browser :- chrome
Navigated to url :- https://www.amazon.in
